<?xml version="1.0" encoding="UTF-8"?>
<testng-results skipped="0" failed="0" ignored="0" total="1" passed="1">
  <reporter-output>
  </reporter-output>
  <suite name="Default suite" duration-ms="12967" started-at="2023-06-14T23:48:10 IST" finished-at="2023-06-14T23:48:23 IST">
    <groups>
    </groups>
    <test name="Default test" duration-ms="12967" started-at="2023-06-14T23:48:10 IST" finished-at="2023-06-14T23:48:23 IST">
      <class name="demo.SauceDemoAutomation">
        <test-method status="PASS" signature="setUp()[pri:0, instance:demo.SauceDemoAutomation@12cdcf4]" name="setUp" is-config="true" duration-ms="4702" started-at="2023-06-14T23:48:10 IST" finished-at="2023-06-14T23:48:14 IST">
          <reporter-output>
          </reporter-output>
        </test-method> <!-- setUp -->
        <test-method status="PASS" signature="saucedemoAutomationTest()[pri:0, instance:demo.SauceDemoAutomation@12cdcf4]" name="saucedemoAutomationTest" duration-ms="7047" started-at="2023-06-14T23:48:14 IST" finished-at="2023-06-14T23:48:21 IST">
          <reporter-output>
          </reporter-output>
        </test-method> <!-- saucedemoAutomationTest -->
        <test-method status="PASS" signature="tearDown()[pri:0, instance:demo.SauceDemoAutomation@12cdcf4]" name="tearDown" is-config="true" duration-ms="1176" started-at="2023-06-14T23:48:22 IST" finished-at="2023-06-14T23:48:23 IST">
          <reporter-output>
          </reporter-output>
        </test-method> <!-- tearDown -->
      </class> <!-- demo.SauceDemoAutomation -->
    </test> <!-- Default test -->
  </suite> <!-- Default suite -->
</testng-results>
